#
# There is insufficient memory for the Java Runtime Environment to continue.
# Native memory allocation (mmap) failed to map 65536 bytes. Error detail: Failed to commit metaspace.
# Possible reasons:
#   The system is out of physical RAM or swap space
#   This process is running with CompressedOops enabled, and the Java Heap may be blocking the growth of the native heap
# Possible solutions:
#   Reduce memory load on the system
#   Increase physical memory or swap space
#   Check if swap backing store is full
#   Decrease Java heap size (-Xmx/-Xms)
#   Decrease number of Java threads
#   Decrease Java thread stack sizes (-Xss)
#   Set larger code cache with -XX:ReservedCodeCacheSize=
#   JVM is running with Zero Based Compressed Oops mode in which the Java heap is
#     placed in the first 32GB address space. The Java Heap base address is the
#     maximum limit for the native heap growth. Please use -XX:HeapBaseMinAddress
#     to set the Java Heap base and to place the Java Heap above 32GB virtual address.
# This output file may be truncated or incomplete.
#
#  Out of Memory Error (virtualSpaceNode.cpp:113), pid=13232, tid=28288
#
# JRE version:  (21.0.4+13) (build )
# Java VM: OpenJDK 64-Bit Server VM (21.0.4+13-b509.26, mixed mode, tiered, compressed oops, compressed class ptrs, g1 gc, windows-amd64)
# No core dump will be written. Minidumps are not enabled by default on client versions of Windows
#

---------------  S U M M A R Y ------------

Command Line: -Djava.io.tmpdir=C:\Users\nicov\AppData\Local\JetBrains\Rider2024.2\tmp\statistics-uploader com.intellij.internal.statistic.uploader.EventLogUploader --ide-token C:\Users\nicov\AppData\Local\JetBrains\Rider2024.2\token --recorders FUS;MP --device-fus 311024159af1341-efcf-437b-a5a4-306fb6a8a94f --bucket-fus 133 --machine-fus 5e5b72cfd93ea3ce97ad454a40e749954c989e701fab3d335603072c17f2b305 --id-revision-fus 0 --files-fus C:\Users\nicov\AppData\Local\JetBrains\Rider2024.2\event-log-data\logs\FUS\55d1-498b-a85c-115ce1bf3e29-242.23726.100-release.log --escape-fus true --device-mp 31102418a00e1ee-e91d-49bf-a1c2-494026684255 --bucket-mp 113 --machine-mp fd121938d6b89be367772c33a535e98e48d3c3c0247ae274187205c92fde0c3a --id-revision-mp 0 --files-mp C:\Users\nicov\AppData\Local\JetBrains\Rider2024.2\event-log-data\logs\MP\4f78-4cd4-a807-0dbb9cb278f2-242.23726.100-release.log --escape-mp true --url https://resources.jetbrains.com/storage/fus/config/v4/%s/%s.json --product RD --product-version 2024.2.7 --baseline-version 242 --user-agent JetBrains Rider/242.23726.100 --extra-headers 

Host: AMD Ryzen 5 5600 6-Core Processor              , 12 cores, 23G,  Windows 10 , 64 bit Build 19041 (10.0.19041.4957)
Time: Sat Nov 16 21:58:38 2024 SE Asia Standard Time elapsed time: 0.039213 seconds (0d 0h 0m 0s)

---------------  T H R E A D  ---------------

Current thread (0x000001d260b548f0):  JavaThread "main"             [_thread_in_vm, id=28288, stack(0x000000a812c00000,0x000000a812d00000) (1024K)]

Stack: [0x000000a812c00000,0x000000a812d00000]
Native frames: (J=compiled Java code, j=interpreted, Vv=VM code, C=native code)
V  [jvm.dll+0x6e3739]
V  [jvm.dll+0x8c0c33]
V  [jvm.dll+0x8c318e]
V  [jvm.dll+0x8c3873]
V  [jvm.dll+0x288256]
V  [jvm.dll+0x8bba7e]
V  [jvm.dll+0x684bf5]
V  [jvm.dll+0x684c5a]
V  [jvm.dll+0x687476]
V  [jvm.dll+0x687342]
V  [jvm.dll+0x6855ae]
V  [jvm.dll+0x2848e6]
V  [jvm.dll+0x73a3fa]
V  [jvm.dll+0x73af3f]
V  [jvm.dll+0x3d1130]
V  [jvm.dll+0x3cfedc]
V  [jvm.dll+0x3cfe78]
V  [jvm.dll+0x3e212a]
C  0x000001d26e2ca994

The last pc belongs to new (printed below).
Java frames: (J=compiled Java code, j=interpreted, Vv=VM code)
j  java.lang.System.initPhase1()V+86 java.base
v  ~StubRoutines::call_stub 0x000001d26e2b100d
new  187 new  [0x000001d26e2ca800, 0x000001d26e2caa08]  520 bytes
[MachCode]
  0x000001d26e2ca800: 4883 ec08 | c5fa 1104 | 24eb 1f48 | 83ec 10c5 | fb11 0424 | eb14 4883 | ec10 4889 | 0424 48c7 
  0x000001d26e2ca820: 4424 0800 | 0000 00eb | 0150 410f | b755 010f | cac1 ea10 | 488b 4de8 | 488b 4908 | 488b 4908 
  0x000001d26e2ca840: 488b 4108 | 807c 1004 | 070f 85d3 | 0000 0066 | 8b54 d148 | 488b 4928 | 488b 4cd1 | 0851 80b9 
  0x000001d26e2ca860: 4101 0000 | 040f 85b6 | 0000 008b | 5108 f6c2 | 010f 85aa | 0000 0049 | 8b87 b801 | 0000 488d 
  0x000001d26e2ca880: 1c10 493b | 9fc8 0100 | 000f 8792 | 0000 0049 | 899f b801 | 0000 4883 | ea10 0f84 | 0f00 0000 
  0x000001d26e2ca8a0: 33c9 c1ea | 0348 894c | d008 48ff | ca75 f648 | c700 0100 | 0000 5933 | f689 700c | 49ba 0000 
  0x000001d26e2ca8c0: 0000 0800 | 0000 492b | ca89 4808 | 49ba 77dd | 9b6b fc7f | 0000 4180 | 3a00 0f84 | 3c00 0000 
  0x000001d26e2ca8e0: 5048 8bc8 | 4883 ec20 | 40f6 c40f | 0f84 1900 | 0000 4883 | ec08 48b8 | 20aa 456b | fc7f 0000 
  0x000001d26e2ca900: ffd0 4883 | c408 e90c | 0000 0048 | b820 aa45 | 6bfc 7f00 | 00ff d048 | 83c4 2058 | e9cb 0000 
  0x000001d26e2ca920: 0059 488b | 55e8 488b | 5208 488b | 5208 450f | b745 0141 | 0fc8 41c1 | e810 e805 | 0000 00e9 
  0x000001d26e2ca940: a800 0000 | 488d 4424 | 084c 896d | c049 8bcf | c5f8 7749 | 89af a803 | 0000 4989 | 8798 0300 
  0x000001d26e2ca960: 0048 83ec | 2040 f6c4 | 0f0f 8419 | 0000 0048 | 83ec 0848 | b8a0 200f | 6bfc 7f00 | 00ff d048 
  0x000001d26e2ca980: 83c4 08e9 | 0c00 0000 | 48b8 a020 | 0f6b fc7f | 0000 ffd0 | 4883 c420 | 49c7 8798 | 0300 0000 
  0x000001d26e2ca9a0: 0000 0049 | c787 a803 | 0000 0000 | 0000 49c7 | 87a0 0300 | 0000 0000 | 00c5 f877 | 4983 7f08 
  0x000001d26e2ca9c0: 000f 8405 | 0000 00e9 | 3465 feff | 498b 87f0 | 0300 0049 | c787 f003 | 0000 0000 | 0000 4c8b 
  0x000001d26e2ca9e0: 6dc0 4c8b | 75c8 4e8d | 74f5 00c3 | 410f b65d | 0349 83c5 | 0349 ba40 | a89e 6bfc | 7f00 0041 
  0x000001d26e2caa00: ff24 da0f | 1f44 0000 
[/MachCode]

---------------  P R O C E S S  ---------------

Threads class SMR info:
_java_thread_list=0x000001d2005a4480, length=1, elements={
0x000001d260b548f0
}

Java Threads: ( => current thread )
=>0x000001d260b548f0 JavaThread "main"                              [_thread_in_vm, id=28288, stack(0x000000a812c00000,0x000000a812d00000) (1024K)]
Total: 1

Other Threads:
  0x000001d20089ac00 VMThread "VM Thread"                           [id=29020, stack(0x000000a813300000,0x000000a813400000) (1024K)]
  0x000001d2006cd0e0 WatcherThread "VM Periodic Task Thread"        [id=29680, stack(0x000000a813200000,0x000000a813300000) (1024K)]
  0x000001d262ee9950 WorkerThread "GC Thread#0"                     [id=28424, stack(0x000000a812d00000,0x000000a812e00000) (1024K)]
  0x000001d262ef7150 ConcurrentGCThread "G1 Main Marker"            [id=10560, stack(0x000000a812e00000,0x000000a812f00000) (1024K)]
  0x000001d262ef8300 WorkerThread "G1 Conc#0"                       [id=27168, stack(0x000000a812f00000,0x000000a813000000) (1024K)]
  0x000001d2005a1210 ConcurrentGCThread "G1 Refine#0"               [id=15368, stack(0x000000a813000000,0x000000a813100000) (1024K)]
  0x000001d2005a1b90 ConcurrentGCThread "G1 Service"                [id=29844, stack(0x000000a813100000,0x000000a813200000) (1024K)]
Total: 7

Threads with active compile tasks:
Total: 0

VM state: not at safepoint (normal execution)

VM Mutex/Monitor currently owned by a thread:  ([mutex/lock_event])
[0x00007ffc6b9d4748] Metaspace_lock - owner thread: 0x000001d260b548f0

Heap address: 0x0000000681400000, size: 6124 MB, Compressed Oops mode: Zero based, Oop shift amount: 3

CDS archive(s) not mapped
Compressed class space mapped at: 0x0000000800000000-0x0000000840000000, reserved size: 1073741824
Narrow klass base: 0x0000000800000000, Narrow klass shift: 0, Narrow klass range: 0x40000000

GC Precious Log:
 CardTable entry size: 512
 Card Set container configuration: InlinePtr #cards 4 size 8 Array Of Cards #cards 32 size 80 Howl #buckets 8 coarsen threshold 7372 Howl Bitmap #cards 1024 size 144 coarsen threshold 921 Card regions per heap region 1 cards per card region 8192
 CPUs: 12 total, 12 available
 Memory: 24485M
 Large Page Support: Disabled
 NUMA Support: Disabled
 Compressed Oops: Enabled (Zero based)
 Heap Region Size: 4M
 Heap Min Capacity: 8M
 Heap Initial Capacity: 384M
 Heap Max Capacity: 6124M
 Pre-touch: Disabled
 Parallel Workers: 10
 Concurrent Workers: 3
 Concurrent Refinement Workers: 10
 Periodic GC: Disabled

Heap:
 garbage-first heap   total 393216K, used 0K [0x0000000681400000, 0x0000000800000000)
  region size 4096K, 1 young (4096K), 0 survivors (0K)
 Metaspace       used 2555K, committed 2560K, reserved 1114112K
  class space    used 188K, committed 192K, reserved 1048576K

Heap Regions: E=young(eden), S=young(survivor), O=old, HS=humongous(starts), HC=humongous(continues), CS=collection set, F=free, TAMS=top-at-mark-start, PB=parsable bottom
|   0|0x0000000681400000, 0x0000000681400000, 0x0000000681800000|  0%| F|  |TAMS 0x0000000681400000| PB 0x0000000681400000| Untracked 
|   1|0x0000000681800000, 0x0000000681800000, 0x0000000681c00000|  0%| F|  |TAMS 0x0000000681800000| PB 0x0000000681800000| Untracked 
|   2|0x0000000681c00000, 0x0000000681c00000, 0x0000000682000000|  0%| F|  |TAMS 0x0000000681c00000| PB 0x0000000681c00000| Untracked 
|   3|0x0000000682000000, 0x0000000682000000, 0x0000000682400000|  0%| F|  |TAMS 0x0000000682000000| PB 0x0000000682000000| Untracked 
|   4|0x0000000682400000, 0x0000000682400000, 0x0000000682800000|  0%| F|  |TAMS 0x0000000682400000| PB 0x0000000682400000| Untracked 
|   5|0x0000000682800000, 0x0000000682800000, 0x0000000682c00000|  0%| F|  |TAMS 0x0000000682800000| PB 0x0000000682800000| Untracked 
|   6|0x0000000682c00000, 0x0000000682c00000, 0x0000000683000000|  0%| F|  |TAMS 0x0000000682c00000| PB 0x0000000682c00000| Untracked 
|   7|0x0000000683000000, 0x0000000683000000, 0x0000000683400000|  0%| F|  |TAMS 0x0000000683000000| PB 0x0000000683000000| Untracked 
|   8|0x0000000683400000, 0x0000000683400000, 0x0000000683800000|  0%| F|  |TAMS 0x0000000683400000| PB 0x0000000683400000| Untracked 
|   9|0x0000000683800000, 0x0000000683800000, 0x0000000683c00000|  0%| F|  |TAMS 0x0000000683800000| PB 0x0000000683800000| Untracked 
|  10|0x0000000683c00000, 0x0000000683c00000, 0x0000000684000000|  0%| F|  |TAMS 0x0000000683c00000| PB 0x0000000683c00000| Untracked 
|  11|0x0000000684000000, 0x0000000684000000, 0x0000000684400000|  0%| F|  |TAMS 0x0000000684000000| PB 0x0000000684000000| Untracked 
|  12|0x0000000684400000, 0x0000000684400000, 0x0000000684800000|  0%| F|  |TAMS 0x0000000684400000| PB 0x0000000684400000| Untracked 
|  13|0x0000000684800000, 0x0000000684800000, 0x0000000684c00000|  0%| F|  |TAMS 0x0000000684800000| PB 0x0000000684800000| Untracked 
|  14|0x0000000684c00000, 0x0000000684c00000, 0x0000000685000000|  0%| F|  |TAMS 0x0000000684c00000| PB 0x0000000684c00000| Untracked 
|  15|0x0000000685000000, 0x0000000685000000, 0x0000000685400000|  0%| F|  |TAMS 0x0000000685000000| PB 0x0000000685000000| Untracked 
|  16|0x0000000685400000, 0x0000000685400000, 0x0000000685800000|  0%| F|  |TAMS 0x0000000685400000| PB 0x0000000685400000| Untracked 
|  17|0x0000000685800000, 0x0000000685800000, 0x0000000685c00000|  0%| F|  |TAMS 0x0000000685800000| PB 0x0000000685800000| Untracked 
|  18|0x0000000685c00000, 0x0000000685c00000, 0x0000000686000000|  0%| F|  |TAMS 0x0000000685c00000| PB 0x0000000685c00000| Untracked 
|  19|0x0000000686000000, 0x0000000686000000, 0x0000000686400000|  0%| F|  |TAMS 0x0000000686000000| PB 0x0000000686000000| Untracked 
|  20|0x0000000686400000, 0x0000000686400000, 0x0000000686800000|  0%| F|  |TAMS 0x0000000686400000| PB 0x0000000686400000| Untracked 
|  21|0x0000000686800000, 0x0000000686800000, 0x0000000686c00000|  0%| F|  |TAMS 0x0000000686800000| PB 0x0000000686800000| Untracked 
|  22|0x0000000686c00000, 0x0000000686c00000, 0x0000000687000000|  0%| F|  |TAMS 0x0000000686c00000| PB 0x0000000686c00000| Untracked 
|  23|0x0000000687000000, 0x0000000687000000, 0x0000000687400000|  0%| F|  |TAMS 0x0000000687000000| PB 0x0000000687000000| Untracked 
|  24|0x0000000687400000, 0x0000000687400000, 0x0000000687800000|  0%| F|  |TAMS 0x0000000687400000| PB 0x0000000687400000| Untracked 
|  25|0x0000000687800000, 0x0000000687800000, 0x0000000687c00000|  0%| F|  |TAMS 0x0000000687800000| PB 0x0000000687800000| Untracked 
|  26|0x0000000687c00000, 0x0000000687c00000, 0x0000000688000000|  0%| F|  |TAMS 0x0000000687c00000| PB 0x0000000687c00000| Untracked 
|  27|0x0000000688000000, 0x0000000688000000, 0x0000000688400000|  0%| F|  |TAMS 0x0000000688000000| PB 0x0000000688000000| Untracked 
|  28|0x0000000688400000, 0x0000000688400000, 0x0000000688800000|  0%| F|  |TAMS 0x0000000688400000| PB 0x0000000688400000| Untracked 
|  29|0x0000000688800000, 0x0000000688800000, 0x0000000688c00000|  0%| F|  |TAMS 0x0000000688800000| PB 0x0000000688800000| Untracked 
|  30|0x0000000688c00000, 0x0000000688c00000, 0x0000000689000000|  0%| F|  |TAMS 0x0000000688c00000| PB 0x0000000688c00000| Untracked 
|  31|0x0000000689000000, 0x0000000689000000, 0x0000000689400000|  0%| F|  |TAMS 0x0000000689000000| PB 0x0000000689000000| Untracked 
|  32|0x0000000689400000, 0x0000000689400000, 0x0000000689800000|  0%| F|  |TAMS 0x0000000689400000| PB 0x0000000689400000| Untracked 
|  33|0x0000000689800000, 0x0000000689800000, 0x0000000689c00000|  0%| F|  |TAMS 0x0000000689800000| PB 0x0000000689800000| Untracked 
|  34|0x0000000689c00000, 0x0000000689c00000, 0x000000068a000000|  0%| F|  |TAMS 0x0000000689c00000| PB 0x0000000689c00000| Untracked 
|  35|0x000000068a000000, 0x000000068a000000, 0x000000068a400000|  0%| F|  |TAMS 0x000000068a000000| PB 0x000000068a000000| Untracked 
|  36|0x000000068a400000, 0x000000068a400000, 0x000000068a800000|  0%| F|  |TAMS 0x000000068a400000| PB 0x000000068a400000| Untracked 
|  37|0x000000068a800000, 0x000000068a800000, 0x000000068ac00000|  0%| F|  |TAMS 0x000000068a800000| PB 0x000000068a800000| Untracked 
|  38|0x000000068ac00000, 0x000000068ac00000, 0x000000068b000000|  0%| F|  |TAMS 0x000000068ac00000| PB 0x000000068ac00000| Untracked 
|  39|0x000000068b000000, 0x000000068b000000, 0x000000068b400000|  0%| F|  |TAMS 0x000000068b000000| PB 0x000000068b000000| Untracked 
|  40|0x000000068b400000, 0x000000068b400000, 0x000000068b800000|  0%| F|  |TAMS 0x000000068b400000| PB 0x000000068b400000| Untracked 
|  41|0x000000068b800000, 0x000000068b800000, 0x000000068bc00000|  0%| F|  |TAMS 0x000000068b800000| PB 0x000000068b800000| Untracked 
|  42|0x000000068bc00000, 0x000000068bc00000, 0x000000068c000000|  0%| F|  |TAMS 0x000000068bc00000| PB 0x000000068bc00000| Untracked 
|  43|0x000000068c000000, 0x000000068c000000, 0x000000068c400000|  0%| F|  |TAMS 0x000000068c000000| PB 0x000000068c000000| Untracked 
|  44|0x000000068c400000, 0x000000068c400000, 0x000000068c800000|  0%| F|  |TAMS 0x000000068c400000| PB 0x000000068c400000| Untracked 
|  45|0x000000068c800000, 0x000000068c800000, 0x000000068cc00000|  0%| F|  |TAMS 0x000000068c800000| PB 0x000000068c800000| Untracked 
|  46|0x000000068cc00000, 0x000000068cc00000, 0x000000068d000000|  0%| F|  |TAMS 0x000000068cc00000| PB 0x000000068cc00000| Untracked 
|  47|0x000000068d000000, 0x000000068d000000, 0x000000068d400000|  0%| F|  |TAMS 0x000000068d000000| PB 0x000000068d000000| Untracked 
|  48|0x000000068d400000, 0x000000068d400000, 0x000000068d800000|  0%| F|  |TAMS 0x000000068d400000| PB 0x000000068d400000| Untracked 
|  49|0x000000068d800000, 0x000000068d800000, 0x000000068dc00000|  0%| F|  |TAMS 0x000000068d800000| PB 0x000000068d800000| Untracked 
|  50|0x000000068dc00000, 0x000000068dc00000, 0x000000068e000000|  0%| F|  |TAMS 0x000000068dc00000| PB 0x000000068dc00000| Untracked 
|  51|0x000000068e000000, 0x000000068e000000, 0x000000068e400000|  0%| F|  |TAMS 0x000000068e000000| PB 0x000000068e000000| Untracked 
|  52|0x000000068e400000, 0x000000068e400000, 0x000000068e800000|  0%| F|  |TAMS 0x000000068e400000| PB 0x000000068e400000| Untracked 
|  53|0x000000068e800000, 0x000000068e800000, 0x000000068ec00000|  0%| F|  |TAMS 0x000000068e800000| PB 0x000000068e800000| Untracked 
|  54|0x000000068ec00000, 0x000000068ec00000, 0x000000068f000000|  0%| F|  |TAMS 0x000000068ec00000| PB 0x000000068ec00000| Untracked 
|  55|0x000000068f000000, 0x000000068f000000, 0x000000068f400000|  0%| F|  |TAMS 0x000000068f000000| PB 0x000000068f000000| Untracked 
|  56|0x000000068f400000, 0x000000068f400000, 0x000000068f800000|  0%| F|  |TAMS 0x000000068f400000| PB 0x000000068f400000| Untracked 
|  57|0x000000068f800000, 0x000000068f800000, 0x000000068fc00000|  0%| F|  |TAMS 0x000000068f800000| PB 0x000000068f800000| Untracked 
|  58|0x000000068fc00000, 0x000000068fc00000, 0x0000000690000000|  0%| F|  |TAMS 0x000000068fc00000| PB 0x000000068fc00000| Untracked 
|  59|0x0000000690000000, 0x0000000690000000, 0x0000000690400000|  0%| F|  |TAMS 0x0000000690000000| PB 0x0000000690000000| Untracked 
|  60|0x0000000690400000, 0x0000000690400000, 0x0000000690800000|  0%| F|  |TAMS 0x0000000690400000| PB 0x0000000690400000| Untracked 
|  61|0x0000000690800000, 0x0000000690800000, 0x0000000690c00000|  0%| F|  |TAMS 0x0000000690800000| PB 0x0000000690800000| Untracked 
|  62|0x0000000690c00000, 0x0000000690c00000, 0x0000000691000000|  0%| F|  |TAMS 0x0000000690c00000| PB 0x0000000690c00000| Untracked 
|  63|0x0000000691000000, 0x0000000691000000, 0x0000000691400000|  0%| F|  |TAMS 0x0000000691000000| PB 0x0000000691000000| Untracked 
|  64|0x0000000691400000, 0x0000000691400000, 0x0000000691800000|  0%| F|  |TAMS 0x0000000691400000| PB 0x0000000691400000| Untracked 
|  65|0x0000000691800000, 0x0000000691800000, 0x0000000691c00000|  0%| F|  |TAMS 0x0000000691800000| PB 0x0000000691800000| Untracked 
|  66|0x0000000691c00000, 0x0000000691c00000, 0x0000000692000000|  0%| F|  |TAMS 0x0000000691c00000| PB 0x0000000691c00000| Untracked 
|  67|0x0000000692000000, 0x0000000692000000, 0x0000000692400000|  0%| F|  |TAMS 0x0000000692000000| PB 0x0000000692000000| Untracked 
|  68|0x0000000692400000, 0x0000000692400000, 0x0000000692800000|  0%| F|  |TAMS 0x0000000692400000| PB 0x0000000692400000| Untracked 
|  69|0x0000000692800000, 0x0000000692800000, 0x0000000692c00000|  0%| F|  |TAMS 0x0000000692800000| PB 0x0000000692800000| Untracked 
|  70|0x0000000692c00000, 0x0000000692c00000, 0x0000000693000000|  0%| F|  |TAMS 0x0000000692c00000| PB 0x0000000692c00000| Untracked 
|  71|0x0000000693000000, 0x0000000693000000, 0x0000000693400000|  0%| F|  |TAMS 0x0000000693000000| PB 0x0000000693000000| Untracked 
|  72|0x0000000693400000, 0x0000000693400000, 0x0000000693800000|  0%| F|  |TAMS 0x0000000693400000| PB 0x0000000693400000| Untracked 
|  73|0x0000000693800000, 0x0000000693800000, 0x0000000693c00000|  0%| F|  |TAMS 0x0000000693800000| PB 0x0000000693800000| Untracked 
|  74|0x0000000693c00000, 0x0000000693c00000, 0x0000000694000000|  0%| F|  |TAMS 0x0000000693c00000| PB 0x0000000693c00000| Untracked 
|  75|0x0000000694000000, 0x0000000694000000, 0x0000000694400000|  0%| F|  |TAMS 0x0000000694000000| PB 0x0000000694000000| Untracked 
|  76|0x0000000694400000, 0x0000000694400000, 0x0000000694800000|  0%| F|  |TAMS 0x0000000694400000| PB 0x0000000694400000| Untracked 
|  77|0x0000000694800000, 0x0000000694800000, 0x0000000694c00000|  0%| F|  |TAMS 0x0000000694800000| PB 0x0000000694800000| Untracked 
|  78|0x0000000694c00000, 0x0000000694c00000, 0x0000000695000000|  0%| F|  |TAMS 0x0000000694c00000| PB 0x0000000694c00000| Untracked 
|  79|0x0000000695000000, 0x0000000695000000, 0x0000000695400000|  0%| F|  |TAMS 0x0000000695000000| PB 0x0000000695000000| Untracked 
|  80|0x0000000695400000, 0x0000000695400000, 0x0000000695800000|  0%| F|  |TAMS 0x0000000695400000| PB 0x0000000695400000| Untracked 
|  81|0x0000000695800000, 0x0000000695800000, 0x0000000695c00000|  0%| F|  |TAMS 0x0000000695800000| PB 0x0000000695800000| Untracked 
|  82|0x0000000695c00000, 0x0000000695c00000, 0x0000000696000000|  0%| F|  |TAMS 0x0000000695c00000| PB 0x0000000695c00000| Untracked 
|  83|0x0000000696000000, 0x0000000696000000, 0x0000000696400000|  0%| F|  |TAMS 0x0000000696000000| PB 0x0000000696000000| Untracked 
|  84|0x0000000696400000, 0x0000000696400000, 0x0000000696800000|  0%| F|  |TAMS 0x0000000696400000| PB 0x0000000696400000| Untracked 
|  85|0x0000000696800000, 0x0000000696800000, 0x0000000696c00000|  0%| F|  |TAMS 0x0000000696800000| PB 0x0000000696800000| Untracked 
|  86|0x0000000696c00000, 0x0000000696c00000, 0x0000000697000000|  0%| F|  |TAMS 0x0000000696c00000| PB 0x0000000696c00000| Untracked 
|  87|0x0000000697000000, 0x0000000697000000, 0x0000000697400000|  0%| F|  |TAMS 0x0000000697000000| PB 0x0000000697000000| Untracked 
|  88|0x0000000697400000, 0x0000000697400000, 0x0000000697800000|  0%| F|  |TAMS 0x0000000697400000| PB 0x0000000697400000| Untracked 
|  89|0x0000000697800000, 0x0000000697800000, 0x0000000697c00000|  0%| F|  |TAMS 0x0000000697800000| PB 0x0000000697800000| Untracked 
|  90|0x0000000697c00000, 0x0000000697c00000, 0x0000000698000000|  0%| F|  |TAMS 0x0000000697c00000| PB 0x0000000697c00000| Untracked 
|  91|0x0000000698000000, 0x0000000698000000, 0x0000000698400000|  0%| F|  |TAMS 0x0000000698000000| PB 0x0000000698000000| Untracked 
|  92|0x0000000698400000, 0x0000000698400000, 0x0000000698800000|  0%| F|  |TAMS 0x0000000698400000| PB 0x0000000698400000| Untracked 
|  93|0x0000000698800000, 0x0000000698800000, 0x0000000698c00000|  0%| F|  |TAMS 0x0000000698800000| PB 0x0000000698800000| Untracked 
|  94|0x0000000698c00000, 0x0000000698c00000, 0x0000000699000000|  0%| F|  |TAMS 0x0000000698c00000| PB 0x0000000698c00000| Untracked 
|  95|0x0000000699000000, 0x00000006990666d0, 0x0000000699400000| 10%| E|  |TAMS 0x0000000699000000| PB 0x0000000699000000| Complete 

Card table byte_map: [0x000001d276ed0000,0x000001d277ad0000] _byte_map_base: 0x000001d273ac6000

Marking Bits: (CMBitMap*) 0x000001d262eea770
 Bits: [0x000001d277ad0000, 0x000001d27da80000)

Polling page: 0x000001d260e20000

Metaspace:

Usage:
  Non-class:      2.31 MB used.
      Class:    188.41 KB used.
       Both:      2.50 MB used.

Virtual space:
  Non-class space:       64.00 MB reserved,       2.31 MB (  4%) committed,  1 nodes.
      Class space:        1.00 GB reserved,     192.00 KB ( <1%) committed,  1 nodes.
             Both:        1.06 GB reserved,       2.50 MB ( <1%) committed. 

Chunk freelists:
   Non-Class:  12.00 MB
       Class:  15.75 MB
        Both:  27.75 MB

MaxMetaspaceSize: unlimited
CompressedClassSpaceSize: 1.00 GB
Initial GC threshold: 21.00 MB
Current GC threshold: 17179869184.00 GB
CDS: off
 - commit_granule_bytes: 65536.
 - commit_granule_words: 8192.
 - virtual_space_node_default_size: 8388608.
 - enlarge_chunks_in_place: 1.
 - use_allocation_guard: 0.


Internal statistics:

num_allocs_failed_limit: 0.
num_arena_births: 2.
num_arena_deaths: 0.
num_vsnodes_births: 2.
num_vsnodes_deaths: 0.
num_space_committed: 40.
num_space_uncommitted: 0.
num_chunks_returned_to_freelist: 0.
num_chunks_taken_from_freelist: 3.
num_chunk_merges: 0.
num_chunk_splits: 2.
num_chunks_enlarged: 0.
num_inconsistent_stats: 0.

CodeHeap 'non-profiled nmethods': size=120000Kb used=0Kb max_used=0Kb free=120000Kb
 bounds [0x000001d26e850000, 0x000001d26eac0000, 0x000001d275d80000]
CodeHeap 'profiled nmethods': size=120000Kb used=0Kb max_used=0Kb free=120000Kb
 bounds [0x000001d266d80000, 0x000001d266ff0000, 0x000001d26e2b0000]
CodeHeap 'non-nmethods': size=5760Kb used=416Kb max_used=416Kb free=5343Kb
 bounds [0x000001d26e2b0000, 0x000001d26e520000, 0x000001d26e850000]
 total_blobs=167 nmethods=0 adapters=137
 compilation: enabled
              stopped_count=0, restarted_count=0
 full_count=0

Compilation events (0 events):
No events

GC Heap History (0 events):
No events

Dll operation events (2 events):
Event: 0.005 Loaded shared library C:\Program Files\JetBrains\JetBrains Rider 2024.2.7\jbr\bin\java.dll
Event: 0.009 Loaded shared library C:\Program Files\JetBrains\JetBrains Rider 2024.2.7\jbr\bin\zip.dll

Deoptimization events (0 events):
No events

Classes loaded (20 events):
Event: 0.036 Loading class sun/nio/cs/MS1252
Event: 0.036 Loading class sun/nio/cs/MS1252 done
Event: 0.036 Loading class java/lang/Class$ReflectionData
Event: 0.036 Loading class java/lang/Class$ReflectionData done
Event: 0.036 Loading class java/lang/Class$Atomic
Event: 0.036 Loading class java/lang/Class$Atomic done
Event: 0.037 Loading class java/lang/Class$1
Event: 0.037 Loading class java/lang/Class$1 done
Event: 0.037 Loading class java/lang/reflect/Modifier
Event: 0.037 Loading class java/lang/reflect/Modifier done
Event: 0.037 Loading class jdk/internal/reflect/MethodHandleAccessorFactory
Event: 0.037 Loading class jdk/internal/reflect/MethodHandleAccessorFactory done
Event: 0.037 Loading class jdk/internal/reflect/DirectConstructorHandleAccessor
Event: 0.037 Loading class jdk/internal/reflect/DirectConstructorHandleAccessor done
Event: 0.037 Loading class jdk/internal/reflect/DirectConstructorHandleAccessor$NativeAccessor
Event: 0.037 Loading class jdk/internal/reflect/DirectConstructorHandleAccessor$NativeAccessor done
Event: 0.037 Loading class jdk/internal/util/StaticProperty
Event: 0.037 Loading class jdk/internal/util/StaticProperty done
Event: 0.037 Loading class java/io/FileInputStream
Event: 0.037 Loading class java/io/FileInputStream done

Classes unloaded (0 events):
No events

Classes redefined (0 events):
No events

Internal exceptions (0 events):
No events

ZGC Phase Switch (0 events):
No events

VM Operations (0 events):
No events

Memory protections (0 events):
No events

Nmethod flushes (0 events):
No events

Events (1 events):
Event: 0.008 Thread 0x000001d260b548f0 Thread added: 0x000001d260b548f0


Dynamic libraries:
0x00007ff6ccba0000 - 0x00007ff6ccbaa000 	C:\Program Files\JetBrains\JetBrains Rider 2024.2.7\jbr\bin\java.exe
0x00007ffd03f30000 - 0x00007ffd04128000 	C:\Windows\SYSTEM32\ntdll.dll
0x00007ffd027e0000 - 0x00007ffd028a2000 	C:\Windows\System32\KERNEL32.DLL
0x00007ffd01af0000 - 0x00007ffd01dee000 	C:\Windows\System32\KERNELBASE.dll
0x00007ffd01780000 - 0x00007ffd01880000 	C:\Windows\System32\ucrtbase.dll
0x00007ffcdda70000 - 0x00007ffcdda8b000 	C:\Program Files\JetBrains\JetBrains Rider 2024.2.7\jbr\bin\VCRUNTIME140.dll
0x00007ffcdd640000 - 0x00007ffcdd658000 	C:\Program Files\JetBrains\JetBrains Rider 2024.2.7\jbr\bin\jli.dll
0x00007ffd02510000 - 0x00007ffd026ad000 	C:\Windows\System32\USER32.dll
0x00007ffce9760000 - 0x00007ffce99fa000 	C:\Windows\WinSxS\amd64_microsoft.windows.common-controls_6595b64144ccf1df_6.0.19041.4355_none_60b8b9eb71f62e16\COMCTL32.dll
0x00007ffd016b0000 - 0x00007ffd016d2000 	C:\Windows\System32\win32u.dll
0x00007ffd03e60000 - 0x00007ffd03e8b000 	C:\Windows\System32\GDI32.dll
0x00007ffd030a0000 - 0x00007ffd0313e000 	C:\Windows\System32\msvcrt.dll
0x00007ffd01910000 - 0x00007ffd01a27000 	C:\Windows\System32\gdi32full.dll
0x00007ffd016e0000 - 0x00007ffd0177d000 	C:\Windows\System32\msvcp_win.dll
0x00007ffd01f50000 - 0x00007ffd01f7f000 	C:\Windows\System32\IMM32.DLL
0x00007ffce4200000 - 0x00007ffce420c000 	C:\Program Files\JetBrains\JetBrains Rider 2024.2.7\jbr\bin\vcruntime140_1.dll
0x00007ffc9fa10000 - 0x00007ffc9fa9d000 	C:\Program Files\JetBrains\JetBrains Rider 2024.2.7\jbr\bin\msvcp140.dll
0x00007ffc6ad10000 - 0x00007ffc6bac7000 	C:\Program Files\JetBrains\JetBrains Rider 2024.2.7\jbr\bin\server\jvm.dll
0x00007ffd02eb0000 - 0x00007ffd02f62000 	C:\Windows\System32\ADVAPI32.dll
0x00007ffd03bb0000 - 0x00007ffd03c50000 	C:\Windows\System32\sechost.dll
0x00007ffd026b0000 - 0x00007ffd027d3000 	C:\Windows\System32\RPCRT4.dll
0x00007ffd015d0000 - 0x00007ffd015f7000 	C:\Windows\System32\bcrypt.dll
0x00007ffd032c0000 - 0x00007ffd0332b000 	C:\Windows\System32\WS2_32.dll
0x00007ffd00b60000 - 0x00007ffd00bab000 	C:\Windows\SYSTEM32\POWRPROF.dll
0x00007ffcf3bb0000 - 0x00007ffcf3bd7000 	C:\Windows\SYSTEM32\WINMM.dll
0x00007ffcf3920000 - 0x00007ffcf392a000 	C:\Windows\SYSTEM32\VERSION.dll
0x00007ffd009d0000 - 0x00007ffd009e2000 	C:\Windows\SYSTEM32\UMPDC.dll
0x00007ffcff470000 - 0x00007ffcff482000 	C:\Windows\SYSTEM32\kernel.appcore.dll
0x00007ffce4020000 - 0x00007ffce402a000 	C:\Program Files\JetBrains\JetBrains Rider 2024.2.7\jbr\bin\jimage.dll
0x00007ffcf96e0000 - 0x00007ffcf98c4000 	C:\Windows\SYSTEM32\DBGHELP.DLL
0x00007ffce2d20000 - 0x00007ffce2d54000 	C:\Windows\SYSTEM32\dbgcore.DLL
0x00007ffd01880000 - 0x00007ffd01902000 	C:\Windows\System32\bcryptPrimitives.dll
0x00007ffcdda50000 - 0x00007ffcdda6f000 	C:\Program Files\JetBrains\JetBrains Rider 2024.2.7\jbr\bin\java.dll
0x00007ffcdda30000 - 0x00007ffcdda48000 	C:\Program Files\JetBrains\JetBrains Rider 2024.2.7\jbr\bin\zip.dll
0x00007ffd03440000 - 0x00007ffd03baf000 	C:\Windows\System32\SHELL32.dll
0x00007ffcff670000 - 0x00007ffcffe14000 	C:\Windows\SYSTEM32\windows.storage.dll
0x00007ffd01f80000 - 0x00007ffd022d3000 	C:\Windows\System32\combase.dll
0x00007ffd01000000 - 0x00007ffd0102e000 	C:\Windows\SYSTEM32\Wldp.dll
0x00007ffd03140000 - 0x00007ffd0320d000 	C:\Windows\System32\OLEAUT32.dll
0x00007ffd02e00000 - 0x00007ffd02ead000 	C:\Windows\System32\SHCORE.dll
0x00007ffd03cc0000 - 0x00007ffd03d15000 	C:\Windows\System32\shlwapi.dll
0x00007ffd01500000 - 0x00007ffd01524000 	C:\Windows\SYSTEM32\profapi.dll

dbghelp: loaded successfully - version: 4.0.5 - missing functions: none
symbol engine: initialized successfully - sym options: 0x614 - pdb path: .;C:\Program Files\JetBrains\JetBrains Rider 2024.2.7\jbr\bin;C:\Windows\SYSTEM32;C:\Windows\WinSxS\amd64_microsoft.windows.common-controls_6595b64144ccf1df_6.0.19041.4355_none_60b8b9eb71f62e16;C:\Program Files\JetBrains\JetBrains Rider 2024.2.7\jbr\bin\server

VM Arguments:
jvm_args: -Djava.io.tmpdir=C:\Users\nicov\AppData\Local\JetBrains\Rider2024.2\tmp\statistics-uploader 
java_command: com.intellij.internal.statistic.uploader.EventLogUploader --ide-token C:\Users\nicov\AppData\Local\JetBrains\Rider2024.2\token --recorders FUS;MP --device-fus 311024159af1341-efcf-437b-a5a4-306fb6a8a94f --bucket-fus 133 --machine-fus 5e5b72cfd93ea3ce97ad454a40e749954c989e701fab3d335603072c17f2b305 --id-revision-fus 0 --files-fus C:\Users\nicov\AppData\Local\JetBrains\Rider2024.2\event-log-data\logs\FUS\55d1-498b-a85c-115ce1bf3e29-242.23726.100-release.log --escape-fus true --device-mp 31102418a00e1ee-e91d-49bf-a1c2-494026684255 --bucket-mp 113 --machine-mp fd121938d6b89be367772c33a535e98e48d3c3c0247ae274187205c92fde0c3a --id-revision-mp 0 --files-mp C:\Users\nicov\AppData\Local\JetBrains\Rider2024.2\event-log-data\logs\MP\4f78-4cd4-a807-0dbb9cb278f2-242.23726.100-release.log --escape-mp true --url https://resources.jetbrains.com/storage/fus/config/v4/%s/%s.json --product RD --product-version 2024.2.7 --baseline-version 242 --user-agent JetBrains Rider/242.23726.100 --extra-headers 
java_class_path (initial): C:\Program Files\JetBrains\JetBrains Rider 2024.2.7\lib\util-8.jar;C:\Program Files\JetBrains\JetBrains Rider 2024.2.7\lib\annotations.jar;C:\Program Files\JetBrains\JetBrains Rider 2024.2.7\lib\lib-client.jar;C:\Program Files\JetBrains\JetBrains Rider 2024.2.7\lib\stats.jar
Launcher Type: SUN_STANDARD

[Global flags]
     intx CICompilerCount                          = 4                                         {product} {ergonomic}
     uint ConcGCThreads                            = 3                                         {product} {ergonomic}
     uint G1ConcRefinementThreads                  = 10                                        {product} {ergonomic}
   size_t G1HeapRegionSize                         = 4194304                                   {product} {ergonomic}
    uintx GCDrainStackTargetSize                   = 64                                        {product} {ergonomic}
   size_t InitialHeapSize                          = 402653184                                 {product} {ergonomic}
   size_t MarkStackSize                            = 4194304                                   {product} {ergonomic}
   size_t MaxHeapSize                              = 6421479424                                {product} {ergonomic}
   size_t MaxNewSize                               = 3850371072                                {product} {ergonomic}
   size_t MinHeapDeltaBytes                        = 4194304                                   {product} {ergonomic}
   size_t MinHeapSize                              = 8388608                                   {product} {ergonomic}
    uintx NonNMethodCodeHeapSize                   = 5839372                                {pd product} {ergonomic}
    uintx NonProfiledCodeHeapSize                  = 122909434                              {pd product} {ergonomic}
    uintx ProfiledCodeHeapSize                     = 122909434                              {pd product} {ergonomic}
    uintx ReservedCodeCacheSize                    = 251658240                              {pd product} {ergonomic}
     bool SegmentedCodeCache                       = true                                      {product} {ergonomic}
   size_t SoftMaxHeapSize                          = 6421479424                             {manageable} {ergonomic}
     bool UseCompressedOops                        = true                           {product lp64_product} {ergonomic}
     bool UseG1GC                                  = true                                      {product} {ergonomic}
     bool UseLargePagesIndividualAllocation        = false                                  {pd product} {ergonomic}

Logging:
Log output configuration:
 #0: stdout all=warning uptime,level,tags foldmultilines=false
 #1: stderr all=off uptime,level,tags foldmultilines=false

Environment Variables:
PATH=D:\Unity\VCS\server;D:\Unity\VCS\client;C:\Program Files (x86)\Common Files\Oracle\Java\javapath;C:\Windows\system32;C:\Windows;C:\Windows\System32\Wbem;C:\Windows\System32\WindowsPowerShell\v1.0\;C:\Windows\System32\OpenSSH\;C:\Program Files\NVIDIA Corporation\NVIDIA NvDLISR;C:\Program Files\Cloudflare\Cloudflare WARP\;C:\Program Files (x86)\NVIDIA Corporation\PhysX\Common;C:\Program Files\Microsoft SQL Server\150\Tools\Binn\;C:\Program Files\Microsoft SQL Server\Client SDK\ODBC\170\Tools\Binn\;C:\Program Files (x86)\Microsoft SQL Server\160\Tools\Binn\;C:\Program Files\Microsoft SQL Server\160\Tools\Binn\;C:\Program Files\Microsoft SQL Server\160\DTS\Binn\;C:\Program Files (x86)\Microsoft SQL Server\160\DTS\Binn\;C:\Program Files\Azure Data Studio\bin;C:\Program Files\dotnet\;C:\Program Files\Git\cmd;C:\Program Files\Git LFS;C:\Users\nicov\AppData\Local\Microsoft\WindowsApps;C:\Program Files\Azure Data Studio\bin;C:\Users\nicov\AppData\Local\GitHubDesktop\bin;C:\Users\nicov\.dotnet\tools
USERNAME=nicov
OS=Windows_NT
PROCESSOR_IDENTIFIER=AMD64 Family 25 Model 33 Stepping 2, AuthenticAMD
TMP=C:\Users\nicov\AppData\Local\Temp
TEMP=C:\Users\nicov\AppData\Local\Temp




Periodic native trim disabled

JNI global refs:
JNI global refs: 1, weak refs: 0

JNI global refs memory usage: 835, weak refs: 201

Process memory usage:
Resident Set Size: 23560K (0% of 25072928K total physical memory with 4681332K free physical memory)

OOME stack traces (most recent first):
Classloader memory used:
Loader bootstrap                                                                       : 2555K

---------------  S Y S T E M  ---------------

OS:
 Windows 10 , 64 bit Build 19041 (10.0.19041.4957)
OS uptime: 10 days 0:13 hours

CPU: total 12 (initial active 12) (12 cores per cpu, 2 threads per core) family 25 model 33 stepping 2 microcode 0x0, cx8, cmov, fxsr, ht, mmx, 3dnowpref, sse, sse2, sse3, ssse3, sse4a, sse4.1, sse4.2, popcnt, lzcnt, tsc, tscinvbit, avx, avx2, aes, erms, clmul, bmi1, bmi2, adx, sha, fma, vzeroupper, clflush, clflushopt, rdtscp, rdpid, fsrm, f16c, pku, cet_ss
Processor Information for all 12 processors :
  Max Mhz: 3501, Current Mhz: 3501, Mhz Limit: 3501

Memory: 4k page, system-wide physical 24485M (4571M free)
TotalPageFile size 32677M (AvailPageFile size 4M)
current process WorkingSet (physical memory assigned to process): 23M, peak: 23M
current process commit charge ("private bytes"): 462M, peak: 463M

vm_info: OpenJDK 64-Bit Server VM (21.0.4+13-b509.26) for windows-amd64 JRE (21.0.4+13-b509.26), built on 2024-09-27 by "builduser" with MS VC++ 16.10 / 16.11 (VS2019)

END.
