#
# There is insufficient memory for the Java Runtime Environment to continue.
# Native memory allocation (mmap) failed to map 402653184 bytes. Error detail: G1 virtual space
# Possible reasons:
#   The system is out of physical RAM or swap space
#   This process is running with CompressedOops enabled, and the Java Heap may be blocking the growth of the native heap
# Possible solutions:
#   Reduce memory load on the system
#   Increase physical memory or swap space
#   Check if swap backing store is full
#   Decrease Java heap size (-Xmx/-Xms)
#   Decrease number of Java threads
#   Decrease Java thread stack sizes (-Xss)
#   Set larger code cache with -XX:ReservedCodeCacheSize=
#   JVM is running with Zero Based Compressed Oops mode in which the Java heap is
#     placed in the first 32GB address space. The Java Heap base address is the
#     maximum limit for the native heap growth. Please use -XX:HeapBaseMinAddress
#     to set the Java Heap base and to place the Java Heap above 32GB virtual address.
# This output file may be truncated or incomplete.
#
#  Out of Memory Error (os_windows.cpp:3828), pid=8208, tid=1824
#
# JRE version:  (21.0.4+13) (build )
# Java VM: OpenJDK 64-Bit Server VM (21.0.4+13-b509.26, mixed mode, sharing, tiered, compressed oops, compressed class ptrs, g1 gc, windows-amd64)
# No core dump will be written. Minidumps are not enabled by default on client versions of Windows
#

---------------  S U M M A R Y ------------

Command Line: -Djava.io.tmpdir=C:\Users\nicov\AppData\Local\JetBrains\Rider2024.2\tmp\statistics-uploader com.intellij.internal.statistic.uploader.EventLogUploader --ide-token C:\Users\nicov\AppData\Local\JetBrains\Rider2024.2\token --recorders FUS;MP --device-fus 311024159af1341-efcf-437b-a5a4-306fb6a8a94f --bucket-fus 133 --machine-fus 5e5b72cfd93ea3ce97ad454a40e749954c989e701fab3d335603072c17f2b305 --id-revision-fus 0 --files-fus C:\Users\nicov\AppData\Local\JetBrains\Rider2024.2\event-log-data\logs\FUS\1ea9-4f54-8240-aec22aa26f51-242.23726.100-release.log;C:\Users\nicov\AppData\Local\JetBrains\Rider2024.2\event-log-data\logs\FUS\2052-45d8-a455-7fd187bcc587-242.23726.100-release.log --escape-fus true --device-mp 31102418a00e1ee-e91d-49bf-a1c2-494026684255 --bucket-mp 113 --machine-mp fd121938d6b89be367772c33a535e98e48d3c3c0247ae274187205c92fde0c3a --id-revision-mp 0 --files-mp C:\Users\nicov\AppData\Local\JetBrains\Rider2024.2\event-log-data\logs\MP\46f3-4515-b566-1890015d7333-242.23726.100-release.log --escape-mp true --url https://resources.jetbrains.com/storage/fus/config/v4/%s/%s.json --product RD --product-version 2024.2.7 --baseline-version 242 --user-agent JetBrains Rider/242.23726.100 --extra-headers 

Host: AMD Ryzen 5 5600 6-Core Processor              , 12 cores, 23G,  Windows 10 , 64 bit Build 19041 (10.0.19041.4957)
Time: Sat Nov  2 18:24:45 2024 SE Asia Standard Time elapsed time: 0.008136 seconds (0d 0h 0m 0s)

---------------  T H R E A D  ---------------

Current thread (0x00000140f7c15820):  JavaThread "Unknown thread" [_thread_in_vm, id=1824, stack(0x0000001305400000,0x0000001305500000) (1024K)]

Stack: [0x0000001305400000,0x0000001305500000]
Native frames: (J=compiled Java code, j=interpreted, Vv=VM code, C=native code)
V  [jvm.dll+0x6e3739]
V  [jvm.dll+0x8c0c33]
V  [jvm.dll+0x8c318e]
V  [jvm.dll+0x8c3873]
V  [jvm.dll+0x288256]
V  [jvm.dll+0x6dfec5]
V  [jvm.dll+0x6d439a]
V  [jvm.dll+0x36211b]
V  [jvm.dll+0x369cc6]
V  [jvm.dll+0x3bbdf6]
V  [jvm.dll+0x3bc0c8]
V  [jvm.dll+0x3348dc]
V  [jvm.dll+0x3355cb]
V  [jvm.dll+0x888099]
V  [jvm.dll+0x3c8f28]
V  [jvm.dll+0x871238]
V  [jvm.dll+0x45d8de]
V  [jvm.dll+0x45f5c1]
C  [jli.dll+0x52ab]
C  [ucrtbase.dll+0x21bb2]
C  [KERNEL32.DLL+0x17374]
C  [ntdll.dll+0x4cc91]


---------------  P R O C E S S  ---------------

Threads class SMR info:
_java_thread_list=0x00007ffaaf652108, length=0, elements={
}

Java Threads: ( => current thread )
Total: 0

Other Threads:
  0x00000140f9f4beb0 WorkerThread "GC Thread#0"                     [id=26276, stack(0x0000001305500000,0x0000001305600000) (1024K)]
  0x00000140f9f58ea0 ConcurrentGCThread "G1 Main Marker"            [id=8800, stack(0x0000001305600000,0x0000001305700000) (1024K)]
  0x00000140f9f5a050 WorkerThread "G1 Conc#0"                       [id=10320, stack(0x0000001305700000,0x0000001305800000) (1024K)]

[error occurred during error reporting (printing all threads), id 0xc0000005, EXCEPTION_ACCESS_VIOLATION (0xc0000005) at pc=0x00007ffaaed47997]
VM state: not at safepoint (not fully initialized)

VM Mutex/Monitor currently owned by a thread:  ([mutex/lock_event])
[0x00007ffaaf6c6a48] Heap_lock - owner thread: 0x00000140f7c15820

Heap address: 0x0000000681400000, size: 6124 MB, Compressed Oops mode: Zero based, Oop shift amount: 3

CDS archive(s) mapped at: [0x0000000000000000-0x0000000000000000-0x0000000000000000), size 0, SharedBaseAddress: 0x0000000800000000, ArchiveRelocationMode: 1.
Narrow klass base: 0x0000000000000000, Narrow klass shift: 0, Narrow klass range: 0x0

GC Precious Log:
 CardTable entry size: 512
 Card Set container configuration: InlinePtr #cards 4 size 8 Array Of Cards #cards 32 size 80 Howl #buckets 8 coarsen threshold 7372 Howl Bitmap #cards 1024 size 144 coarsen threshold 921 Card regions per heap region 1 cards per card region 8192

Heap:
 garbage-first heap   total 0K, used 0K [0x0000000681400000, 0x0000000800000000)
  region size 4096K, 0 young (0K), 0 survivors (0K)
 Metaspace       used 0K, committed 0K, reserved 0K
  class space    used 0K, committed 0K, reserved 0K

Heap Regions: E=young(eden), S=young(survivor), O=old, HS=humongous(starts), HC=humongous(continues), CS=collection set, F=free, TAMS=top-at-mark-start, PB=parsable bottom

Card table byte_map: [0x00000140fef30000,0x00000140ffb30000] _byte_map_base: 0x00000140fbb26000

Marking Bits: (CMBitMap*) 0x00000140f9f4c4c0
 Bits: [0x000001408f000000, 0x0000014094fb0000)

GC Heap History (0 events):
No events

Dll operation events (1 events):
Event: 0.004 Loaded shared library C:\Program Files\JetBrains\JetBrains Rider 2024.2.7\jbr\bin\java.dll

Deoptimization events (0 events):
No events

Classes loaded (0 events):
No events

Classes unloaded (0 events):
No events

Classes redefined (0 events):
No events

Internal exceptions (0 events):
No events

ZGC Phase Switch (0 events):
No events

VM Operations (0 events):
No events

Memory protections (0 events):
No events

Nmethod flushes (0 events):
No events

Events (0 events):
No events


Dynamic libraries:
0x00007ff67c340000 - 0x00007ff67c34a000 	C:\Program Files\JetBrains\JetBrains Rider 2024.2.7\jbr\bin\java.exe
0x00007ffb6aeb0000 - 0x00007ffb6b0a8000 	C:\Windows\SYSTEM32\ntdll.dll
0x00007ffb69cb0000 - 0x00007ffb69d72000 	C:\Windows\System32\KERNEL32.DLL
0x00007ffb68ba0000 - 0x00007ffb68e9e000 	C:\Windows\System32\KERNELBASE.dll
0x00007ffb68790000 - 0x00007ffb68890000 	C:\Windows\System32\ucrtbase.dll
0x00007ffb35350000 - 0x00007ffb3536b000 	C:\Program Files\JetBrains\JetBrains Rider 2024.2.7\jbr\bin\VCRUNTIME140.dll
0x00007ffb38560000 - 0x00007ffb38578000 	C:\Program Files\JetBrains\JetBrains Rider 2024.2.7\jbr\bin\jli.dll
0x00007ffb69d80000 - 0x00007ffb69f1d000 	C:\Windows\System32\USER32.dll
0x00007ffb50f30000 - 0x00007ffb511ca000 	C:\Windows\WinSxS\amd64_microsoft.windows.common-controls_6595b64144ccf1df_6.0.19041.4355_none_60b8b9eb71f62e16\COMCTL32.dll
0x00007ffb68710000 - 0x00007ffb68732000 	C:\Windows\System32\win32u.dll
0x00007ffb68fc0000 - 0x00007ffb6905e000 	C:\Windows\System32\msvcrt.dll
0x00007ffb6ac60000 - 0x00007ffb6ac8b000 	C:\Windows\System32\GDI32.dll
0x00007ffb68890000 - 0x00007ffb689a7000 	C:\Windows\System32\gdi32full.dll
0x00007ffb68550000 - 0x00007ffb685ed000 	C:\Windows\System32\msvcp_win.dll
0x00007ffb6a260000 - 0x00007ffb6a28f000 	C:\Windows\System32\IMM32.DLL
0x00007ffb35370000 - 0x00007ffb3537c000 	C:\Program Files\JetBrains\JetBrains Rider 2024.2.7\jbr\bin\vcruntime140_1.dll
0x00007ffad7db0000 - 0x00007ffad7e3d000 	C:\Program Files\JetBrains\JetBrains Rider 2024.2.7\jbr\bin\msvcp140.dll
0x00007ffaaea00000 - 0x00007ffaaf7b7000 	C:\Program Files\JetBrains\JetBrains Rider 2024.2.7\jbr\bin\server\jvm.dll
0x00007ffb69120000 - 0x00007ffb691d2000 	C:\Windows\System32\ADVAPI32.dll
0x00007ffb6ac90000 - 0x00007ffb6ad30000 	C:\Windows\System32\sechost.dll
0x00007ffb6a0d0000 - 0x00007ffb6a1f3000 	C:\Windows\System32\RPCRT4.dll
0x00007ffb68ea0000 - 0x00007ffb68ec7000 	C:\Windows\System32\bcrypt.dll
0x00007ffb6a060000 - 0x00007ffb6a0cb000 	C:\Windows\System32\WS2_32.dll
0x00007ffb67ae0000 - 0x00007ffb67b2b000 	C:\Windows\SYSTEM32\POWRPROF.dll
0x00007ffb5ab10000 - 0x00007ffb5ab1a000 	C:\Windows\SYSTEM32\VERSION.dll
0x00007ffb5aeb0000 - 0x00007ffb5aed7000 	C:\Windows\SYSTEM32\WINMM.dll
0x00007ffb67950000 - 0x00007ffb67962000 	C:\Windows\SYSTEM32\UMPDC.dll
0x00007ffb663f0000 - 0x00007ffb66402000 	C:\Windows\SYSTEM32\kernel.appcore.dll
0x00007ffb35340000 - 0x00007ffb3534a000 	C:\Program Files\JetBrains\JetBrains Rider 2024.2.7\jbr\bin\jimage.dll
0x00007ffb60a40000 - 0x00007ffb60c24000 	C:\Windows\SYSTEM32\DBGHELP.DLL
0x00007ffb49ba0000 - 0x00007ffb49bd4000 	C:\Windows\SYSTEM32\dbgcore.DLL
0x00007ffb689b0000 - 0x00007ffb68a32000 	C:\Windows\System32\bcryptPrimitives.dll
0x00007ffb350c0000 - 0x00007ffb350df000 	C:\Program Files\JetBrains\JetBrains Rider 2024.2.7\jbr\bin\java.dll

dbghelp: loaded successfully - version: 4.0.5 - missing functions: none
symbol engine: initialized successfully - sym options: 0x614 - pdb path: .;C:\Program Files\JetBrains\JetBrains Rider 2024.2.7\jbr\bin;C:\Windows\SYSTEM32;C:\Windows\WinSxS\amd64_microsoft.windows.common-controls_6595b64144ccf1df_6.0.19041.4355_none_60b8b9eb71f62e16;C:\Program Files\JetBrains\JetBrains Rider 2024.2.7\jbr\bin\server

VM Arguments:
jvm_args: -Djava.io.tmpdir=C:\Users\nicov\AppData\Local\JetBrains\Rider2024.2\tmp\statistics-uploader 
java_command: com.intellij.internal.statistic.uploader.EventLogUploader --ide-token C:\Users\nicov\AppData\Local\JetBrains\Rider2024.2\token --recorders FUS;MP --device-fus 311024159af1341-efcf-437b-a5a4-306fb6a8a94f --bucket-fus 133 --machine-fus 5e5b72cfd93ea3ce97ad454a40e749954c989e701fab3d335603072c17f2b305 --id-revision-fus 0 --files-fus C:\Users\nicov\AppData\Local\JetBrains\Rider2024.2\event-log-data\logs\FUS\1ea9-4f54-8240-aec22aa26f51-242.23726.100-release.log;C:\Users\nicov\AppData\Local\JetBrains\Rider2024.2\event-log-data\logs\FUS\2052-45d8-a455-7fd187bcc587-242.23726.100-release.log --escape-fus true --device-mp 31102418a00e1ee-e91d-49bf-a1c2-494026684255 --bucket-mp 113 --machine-mp fd121938d6b89be367772c33a535e98e48d3c3c0247ae274187205c92fde0c3a --id-revision-mp 0 --files-mp C:\Users\nicov\AppData\Local\JetBrains\Rider2024.2\event-log-data\logs\MP\46f3-4515-b566-1890015d7333-242.23726.100-release.log --escape-mp true --url https://resources.jetbrains.com/storage/fus/config/v4/%s/%s.json --product RD --product-version 2024.2.7 --baseline-version 242 --user-agent JetBrains Rider/242.23726.100 --extra-headers 
java_class_path (initial): C:\Program Files\JetBrains\JetBrains Rider 2024.2.7\lib\util-8.jar;C:\Program Files\JetBrains\JetBrains Rider 2024.2.7\lib\annotations.jar;C:\Program Files\JetBrains\JetBrains Rider 2024.2.7\lib\lib-client.jar;C:\Program Files\JetBrains\JetBrains Rider 2024.2.7\lib\stats.jar
Launcher Type: SUN_STANDARD

[Global flags]
     intx CICompilerCount                          = 4                                         {product} {ergonomic}
     uint ConcGCThreads                            = 3                                         {product} {ergonomic}
     uint G1ConcRefinementThreads                  = 10                                        {product} {ergonomic}
   size_t G1HeapRegionSize                         = 4194304                                   {product} {ergonomic}
    uintx GCDrainStackTargetSize                   = 64                                        {product} {ergonomic}
   size_t InitialHeapSize                          = 402653184                                 {product} {ergonomic}
   size_t MarkStackSize                            = 4194304                                   {product} {ergonomic}
   size_t MaxHeapSize                              = 6421479424                                {product} {ergonomic}
   size_t MinHeapDeltaBytes                        = 4194304                                   {product} {ergonomic}
   size_t MinHeapSize                              = 8388608                                   {product} {ergonomic}
    uintx NonNMethodCodeHeapSize                   = 5839372                                {pd product} {ergonomic}
    uintx NonProfiledCodeHeapSize                  = 122909434                              {pd product} {ergonomic}
    uintx ProfiledCodeHeapSize                     = 122909434                              {pd product} {ergonomic}
    uintx ReservedCodeCacheSize                    = 251658240                              {pd product} {ergonomic}
     bool SegmentedCodeCache                       = true                                      {product} {ergonomic}
   size_t SoftMaxHeapSize                          = 6421479424                             {manageable} {ergonomic}
     bool UseCompressedOops                        = true                           {product lp64_product} {ergonomic}
     bool UseG1GC                                  = true                                      {product} {ergonomic}
     bool UseLargePagesIndividualAllocation        = false                                  {pd product} {ergonomic}

Logging:
Log output configuration:
 #0: stdout all=warning uptime,level,tags foldmultilines=false
 #1: stderr all=off uptime,level,tags foldmultilines=false

Environment Variables:
PATH=D:\Unity\VCS\server;D:\Unity\VCS\client;C:\Program Files (x86)\Common Files\Oracle\Java\javapath;C:\Windows\system32;C:\Windows;C:\Windows\System32\Wbem;C:\Windows\System32\WindowsPowerShell\v1.0\;C:\Windows\System32\OpenSSH\;C:\Program Files\NVIDIA Corporation\NVIDIA NvDLISR;C:\Program Files\Cloudflare\Cloudflare WARP\;C:\Program Files (x86)\NVIDIA Corporation\PhysX\Common;C:\Program Files\Microsoft SQL Server\150\Tools\Binn\;C:\Program Files\Microsoft SQL Server\Client SDK\ODBC\170\Tools\Binn\;C:\Program Files (x86)\Microsoft SQL Server\160\Tools\Binn\;C:\Program Files\Microsoft SQL Server\160\Tools\Binn\;C:\Program Files\Microsoft SQL Server\160\DTS\Binn\;C:\Program Files (x86)\Microsoft SQL Server\160\DTS\Binn\;C:\Program Files\Azure Data Studio\bin;C:\Program Files\dotnet\;C:\Program Files\Git\cmd;C:\Program Files\Git LFS;C:\Users\nicov\AppData\Local\Microsoft\WindowsApps;C:\Program Files\Azure Data Studio\bin;C:\Users\nicov\AppData\Local\GitHubDesktop\bin;C:\Users\nicov\.dotnet\tools
USERNAME=nicov
OS=Windows_NT
PROCESSOR_IDENTIFIER=AMD64 Family 25 Model 33 Stepping 2, AuthenticAMD
TMP=C:\Users\nicov\AppData\Local\Temp
TEMP=C:\Users\nicov\AppData\Local\Temp




Periodic native trim disabled

JNI global refs:
JNI global refs: 0, weak refs: 0

JNI global refs memory usage: 0, weak refs: 0

Process memory usage:
Resident Set Size: 11604K (0% of 25072928K total physical memory with 4958976K free physical memory)

OOME stack traces (most recent first):
Classloader memory used:

---------------  S Y S T E M  ---------------

OS:
 Windows 10 , 64 bit Build 19041 (10.0.19041.4957)
OS uptime: 3 days 23:03 hours

CPU: total 12 (initial active 12) (12 cores per cpu, 2 threads per core) family 25 model 33 stepping 2 microcode 0x0, cx8, cmov, fxsr, ht, mmx, 3dnowpref, sse, sse2, sse3, ssse3, sse4a, sse4.1, sse4.2, popcnt, lzcnt, tsc, tscinvbit, avx, avx2, aes, erms, clmul, bmi1, bmi2, adx, sha, fma, vzeroupper, clflush, clflushopt, rdtscp, rdpid, fsrm, f16c, pku, cet_ss
Processor Information for all 12 processors :
  Max Mhz: 3501, Current Mhz: 3501, Mhz Limit: 3501

Memory: 4k page, system-wide physical 24485M (4842M free)
TotalPageFile size 32677M (AvailPageFile size 281M)
current process WorkingSet (physical memory assigned to process): 11M, peak: 11M
current process commit charge ("private bytes"): 64M, peak: 448M

vm_info: OpenJDK 64-Bit Server VM (21.0.4+13-b509.26) for windows-amd64 JRE (21.0.4+13-b509.26), built on 2024-09-27 by "builduser" with MS VC++ 16.10 / 16.11 (VS2019)

END.
